0 info it worked if it ends with ok
1 verbose cli [ '/usr/local/bin/node', '/usr/local/bin/npm', 'run', 'services' ]
2 info using npm@3.10.3
3 info using node@v6.3.1
4 verbose run-script [ 'preservices', 'services', 'postservices' ]
5 info lifecycle course-project@1.0.0~preservices: course-project@1.0.0
6 silly lifecycle course-project@1.0.0~preservices: no script for preservices, continuing
7 info lifecycle course-project@1.0.0~services: course-project@1.0.0
8 verbose lifecycle course-project@1.0.0~services: unsafe-perm in lifecycle true
9 verbose lifecycle course-project@1.0.0~services: PATH: /usr/local/lib/node_modules/npm/bin/node-gyp-bin:/home/kris/projects/fullstackJS/course-project/node_modules/.bin:/usr/local/bin:/usr/local/sbin:/usr/local/bin:/usr/sbin:/usr/bin:/sbin:/bin
10 verbose lifecycle course-project@1.0.0~services: CWD: /home/kris/projects/fullstackJS/course-project
11 silly lifecycle course-project@1.0.0~services: Args: [ '-c', 'node ./api/server.js' ]
12 silly lifecycle course-project@1.0.0~services: Returned: code: 1  signal: null
13 info lifecycle course-project@1.0.0~services: Failed to exec services script
14 verbose stack Error: course-project@1.0.0 services: `node ./api/server.js`
14 verbose stack Exit status 1
14 verbose stack     at EventEmitter.<anonymous> (/usr/local/lib/node_modules/npm/lib/utils/lifecycle.js:242:16)
14 verbose stack     at emitTwo (events.js:106:13)
14 verbose stack     at EventEmitter.emit (events.js:191:7)
14 verbose stack     at ChildProcess.<anonymous> (/usr/local/lib/node_modules/npm/lib/utils/spawn.js:40:14)
14 verbose stack     at emitTwo (events.js:106:13)
14 verbose stack     at ChildProcess.emit (events.js:191:7)
14 verbose stack     at maybeClose (internal/child_process.js:852:16)
14 verbose stack     at Process.ChildProcess._handle.onexit (internal/child_process.js:215:5)
15 verbose pkgid course-project@1.0.0
16 verbose cwd /home/kris/projects/fullstackJS/course-project
17 error Linux 3.19.0-32-generic
18 error argv "/usr/local/bin/node" "/usr/local/bin/npm" "run" "services"
19 error node v6.3.1
20 error npm  v3.10.3
21 error code ELIFECYCLE
22 error course-project@1.0.0 services: `node ./api/server.js`
22 error Exit status 1
23 error Failed at the course-project@1.0.0 services script 'node ./api/server.js'.
23 error Make sure you have the latest version of node.js and npm installed.
23 error If you do, this is most likely a problem with the course-project package,
23 error not with npm itself.
23 error Tell the author that this fails on your system:
23 error     node ./api/server.js
23 error You can get information on how to open an issue for this project with:
23 error     npm bugs course-project
23 error Or if that isn't available, you can get their info via:
23 error     npm owner ls course-project
23 error There is likely additional logging output above.
24 verbose exit [ 1, true ]
